{"contracts/interfaces/IMETH.sol":{"l":{},"path":"/home/cruzer/Desktop/VITA-Protocol/packages/contracts/contracts/interfaces/IMETH.sol","s":{},"b":{},"f":{},"fnMap":{},"statementMap":{},"branchMap":{}},"contracts/interfaces/IProductivityOracle.sol":{"l":{},"path":"/home/cruzer/Desktop/VITA-Protocol/packages/contracts/contracts/interfaces/IProductivityOracle.sol","s":{},"b":{},"f":{},"fnMap":{},"statementMap":{},"branchMap":{}},"contracts/interfaces/IValuationEngine.sol":{"l":{},"path":"/home/cruzer/Desktop/VITA-Protocol/packages/contracts/contracts/interfaces/IValuationEngine.sol","s":{},"b":{},"f":{},"fnMap":{},"statementMap":{},"branchMap":{}},"contracts/interfaces/IYieldDistributor.sol":{"l":{},"path":"/home/cruzer/Desktop/VITA-Protocol/packages/contracts/contracts/interfaces/IYieldDistributor.sol","s":{},"b":{},"f":{},"fnMap":{},"statementMap":{},"branchMap":{}},"contracts/mocks/MockMETH.sol":{"l":{"42":1,"50":6,"52":6,"54":6,"55":6,"56":6,"58":6,"60":6,"64":0,"66":0,"68":0,"69":0,"71":0,"72":0,"79":0,"81":0,"85":0,"87":0,"88":0,"89":0,"91":0,"92":0,"94":0,"95":0,"97":0,"105":1,"109":2,"113":6,"117":0,"125":0,"129":0,"130":0,"131":0,"132":0,"136":0,"137":0,"141":0,"142":0,"144":0,"145":0,"146":0,"148":0,"160":0,"161":0,"169":2,"170":2,"186":0,"187":0},"path":"/home/cruzer/Desktop/VITA-Protocol/packages/contracts/contracts/mocks/MockMETH.sol","s":{"1":6,"2":6,"3":6,"4":0,"5":0,"6":0,"7":0,"8":0,"9":0,"10":0,"11":0,"12":0,"13":0,"14":0,"15":1,"16":2,"17":6,"18":0,"19":0,"20":0,"21":0,"22":0,"23":0,"24":0,"25":0,"26":0,"27":2,"28":0,"29":0},"b":{"1":[6,0],"2":[0,0],"3":[0,0],"4":[0,0],"5":[0,0],"6":[0,0],"7":[0,0],"8":[0,0],"9":[0,0]},"f":{"1":1,"2":6,"3":0,"4":0,"5":1,"6":2,"7":6,"8":0,"9":0,"10":0,"11":0,"12":0,"13":0,"14":2,"15":0},"fnMap":{"1":{"name":"constructor","line":41,"loc":{"start":{"line":41,"column":4},"end":{"line":43,"column":4}}},"2":{"name":"stake","line":49,"loc":{"start":{"line":49,"column":4},"end":{"line":61,"column":4}}},"3":{"name":"unstakeRequest","line":63,"loc":{"start":{"line":63,"column":4},"end":{"line":82,"column":4}}},"4":{"name":"claimUnstakeRequest","line":84,"loc":{"start":{"line":84,"column":4},"end":{"line":98,"column":4}}},"5":{"name":"exchangeRate","line":104,"loc":{"start":{"line":104,"column":4},"end":{"line":106,"column":4}}},"6":{"name":"mETHToETH","line":108,"loc":{"start":{"line":108,"column":4},"end":{"line":110,"column":4}}},"7":{"name":"ethToMETH","line":112,"loc":{"start":{"line":112,"column":4},"end":{"line":114,"column":4}}},"8":{"name":"totalPooledEther","line":116,"loc":{"start":{"line":116,"column":4},"end":{"line":118,"column":4}}},"9":{"name":"balanceOf","line":124,"loc":{"start":{"line":124,"column":4},"end":{"line":126,"column":4}}},"10":{"name":"transfer","line":128,"loc":{"start":{"line":128,"column":4},"end":{"line":133,"column":4}}},"11":{"name":"approve","line":135,"loc":{"start":{"line":135,"column":4},"end":{"line":138,"column":4}}},"12":{"name":"transferFrom","line":140,"loc":{"start":{"line":140,"column":4},"end":{"line":149,"column":4}}},"13":{"name":"setExchangeRate","line":159,"loc":{"start":{"line":159,"column":4},"end":{"line":162,"column":4}}},"14":{"name":"simulateYield","line":168,"loc":{"start":{"line":168,"column":4},"end":{"line":171,"column":4}}},"15":{"name":"getUnstakeRequest","line":176,"loc":{"start":{"line":176,"column":4},"end":{"line":193,"column":4}}}},"statementMap":{"1":{"start":{"line":50,"column":8},"end":{"line":50,"column":47}},"2":{"start":{"line":58,"column":8},"end":{"line":58,"column":54}},"3":{"start":{"line":60,"column":8},"end":{"line":60,"column":25}},"4":{"start":{"line":64,"column":8},"end":{"line":64,"column":75}},"5":{"start":{"line":66,"column":8},"end":{"line":66,"column":49}},"6":{"start":{"line":79,"column":8},"end":{"line":79,"column":64}},"7":{"start":{"line":81,"column":8},"end":{"line":81,"column":24}},"8":{"start":{"line":85,"column":8},"end":{"line":85,"column":54}},"9":{"start":{"line":87,"column":8},"end":{"line":87,"column":67}},"10":{"start":{"line":88,"column":8},"end":{"line":88,"column":51}},"11":{"start":{"line":89,"column":8},"end":{"line":89,"column":78}},"12":{"start":{"line":94,"column":8},"end":{"line":94,"column":72}},"13":{"start":{"line":95,"column":8},"end":{"line":95,"column":46}},"14":{"start":{"line":97,"column":8},"end":{"line":97,"column":69}},"15":{"start":{"line":105,"column":8},"end":{"line":105,"column":28}},"16":{"start":{"line":109,"column":8},"end":{"line":109,"column":50}},"17":{"start":{"line":113,"column":8},"end":{"line":113,"column":49}},"18":{"start":{"line":117,"column":8},"end":{"line":117,"column":32}},"19":{"start":{"line":125,"column":8},"end":{"line":125,"column":33}},"20":{"start":{"line":129,"column":8},"end":{"line":129,"column":71}},"21":{"start":{"line":132,"column":8},"end":{"line":132,"column":19}},"22":{"start":{"line":137,"column":8},"end":{"line":137,"column":19}},"23":{"start":{"line":141,"column":8},"end":{"line":141,"column":65}},"24":{"start":{"line":142,"column":8},"end":{"line":142,"column":81}},"25":{"start":{"line":148,"column":8},"end":{"line":148,"column":19}},"26":{"start":{"line":161,"column":8},"end":{"line":161,"column":41}},"27":{"start":{"line":170,"column":8},"end":{"line":170,"column":47}},"28":{"start":{"line":186,"column":8},"end":{"line":186,"column":54}},"29":{"start":{"line":187,"column":8},"end":{"line":187,"column":6050}}},"branchMap":{"1":{"line":50,"type":"if","locations":[{"start":{"line":50,"column":8},"end":{"line":50,"column":8}},{"start":{"line":50,"column":8},"end":{"line":50,"column":8}}]},"2":{"line":64,"type":"if","locations":[{"start":{"line":64,"column":8},"end":{"line":64,"column":8}},{"start":{"line":64,"column":8},"end":{"line":64,"column":8}}]},"3":{"line":87,"type":"if","locations":[{"start":{"line":87,"column":8},"end":{"line":87,"column":8}},{"start":{"line":87,"column":8},"end":{"line":87,"column":8}}]},"4":{"line":88,"type":"if","locations":[{"start":{"line":88,"column":8},"end":{"line":88,"column":8}},{"start":{"line":88,"column":8},"end":{"line":88,"column":8}}]},"5":{"line":89,"type":"if","locations":[{"start":{"line":89,"column":8},"end":{"line":89,"column":8}},{"start":{"line":89,"column":8},"end":{"line":89,"column":8}}]},"6":{"line":95,"type":"if","locations":[{"start":{"line":95,"column":8},"end":{"line":95,"column":8}},{"start":{"line":95,"column":8},"end":{"line":95,"column":8}}]},"7":{"line":129,"type":"if","locations":[{"start":{"line":129,"column":8},"end":{"line":129,"column":8}},{"start":{"line":129,"column":8},"end":{"line":129,"column":8}}]},"8":{"line":141,"type":"if","locations":[{"start":{"line":141,"column":8},"end":{"line":141,"column":8}},{"start":{"line":141,"column":8},"end":{"line":141,"column":8}}]},"9":{"line":142,"type":"if","locations":[{"start":{"line":142,"column":8},"end":{"line":142,"column":8}},{"start":{"line":142,"column":8},"end":{"line":142,"column":8}}]}}},"contracts/mocks/MockVerifier.sol":{"l":{"10":1,"19":3},"path":"/home/cruzer/Desktop/VITA-Protocol/packages/contracts/contracts/mocks/MockVerifier.sol","s":{"1":3},"b":{},"f":{"1":1,"2":3},"fnMap":{"1":{"name":"setShouldPass","line":9,"loc":{"start":{"line":9,"column":4},"end":{"line":11,"column":4}}},"2":{"name":"verifyProof","line":13,"loc":{"start":{"line":13,"column":4},"end":{"line":20,"column":4}}}},"statementMap":{"1":{"start":{"line":19,"column":8},"end":{"line":19,"column":25}}},"branchMap":{}},"contracts/ProductivityOracle.sol":{"l":{"67":0,"68":0,"87":0,"90":0,"91":0,"94":0,"95":0,"96":0,"97":0,"100":0,"108":0,"109":0,"110":0,"112":0,"114":0,"126":0,"127":0,"129":0,"131":0,"136":0,"138":0,"139":0,"140":0,"141":0,"144":0,"145":0,"146":0,"147":0,"148":0,"149":0,"150":0,"153":0,"154":0,"156":0,"159":0,"160":0,"172":0,"184":0,"185":0,"204":0,"205":0,"206":0,"207":0,"210":0,"211":0,"212":0,"213":0,"216":0,"223":0,"231":0,"232":0,"236":0,"237":0,"238":0,"242":0,"254":0,"255":0,"256":0,"257":0,"258":0,"259":0,"260":0},"path":"/home/cruzer/Desktop/VITA-Protocol/packages/contracts/contracts/ProductivityOracle.sol","s":{"1":0,"2":0,"3":0,"4":0,"5":0,"6":0,"7":0,"8":0,"9":0,"10":0,"11":0,"12":0,"13":0,"14":0,"15":0,"16":0,"17":0,"18":0,"19":0,"20":0,"21":0,"22":0,"23":0,"24":0,"25":0,"26":0,"27":0,"28":0,"29":0,"30":0,"31":0,"32":0,"33":0,"34":0,"35":0},"b":{"1":[0,0],"2":[0,0],"3":[0,0],"4":[0,0],"5":[0,0],"6":[0,0],"7":[0,0],"8":[0,0],"9":[0,0],"10":[0,0],"11":[0,0],"12":[0,0]},"f":{"1":0,"2":0,"3":0,"4":0,"5":0,"6":0,"7":0,"8":0,"9":0,"10":0},"fnMap":{"1":{"name":"constructor","line":66,"loc":{"start":{"line":62,"column":4},"end":{"line":69,"column":4}}},"2":{"name":"requestProductivityData","line":82,"loc":{"start":{"line":82,"column":4},"end":{"line":115,"column":4}}},"3":{"name":"fulfillRequest","line":121,"loc":{"start":{"line":121,"column":4},"end":{"line":161,"column":4}}},"4":{"name":"getProductivityMetrics","line":166,"loc":{"start":{"line":166,"column":4},"end":{"line":173,"column":4}}},"5":{"name":"calculateReliabilityScore","line":178,"loc":{"start":{"line":178,"column":4},"end":{"line":191,"column":4}}},"6":{"name":"_calculateScore","line":197,"loc":{"start":{"line":197,"column":4},"end":{"line":224,"column":4}}},"7":{"name":"setGithubSource","line":230,"loc":{"start":{"line":230,"column":4},"end":{"line":233,"column":4}}},"8":{"name":"setConfig","line":235,"loc":{"start":{"line":235,"column":4},"end":{"line":239,"column":4}}},"9":{"name":"setCallbackGasLimit","line":241,"loc":{"start":{"line":241,"column":4},"end":{"line":243,"column":4}}},"10":{"name":"setProductivityData","line":253,"loc":{"start":{"line":248,"column":4},"end":{"line":261,"column":4}}}},"statementMap":{"1":{"start":{"line":87,"column":8},"end":{"line":87,"column":68}},"2":{"start":{"line":90,"column":8},"end":{"line":90,"column":43}},"3":{"start":{"line":91,"column":8},"end":{"line":91,"column":61}},"4":{"start":{"line":94,"column":8},"end":{"line":94,"column":46}},"5":{"start":{"line":97,"column":8},"end":{"line":97,"column":24}},"6":{"start":{"line":112,"column":8},"end":{"line":112,"column":65}},"7":{"start":{"line":114,"column":8},"end":{"line":114,"column":24}},"8":{"start":{"line":126,"column":8},"end":{"line":126,"column":51}},"9":{"start":{"line":127,"column":8},"end":{"line":127,"column":55}},"10":{"start":{"line":129,"column":8},"end":{"line":129,"column":4521}},"11":{"start":{"line":131,"column":12},"end":{"line":131,"column":18}},"12":{"start":{"line":136,"column":8},"end":{"line":136,"column":56}},"13":{"start":{"line":138,"column":8},"end":{"line":138,"column":69}},"14":{"start":{"line":139,"column":8},"end":{"line":139,"column":65}},"15":{"start":{"line":140,"column":8},"end":{"line":140,"column":63}},"16":{"start":{"line":141,"column":8},"end":{"line":141,"column":56}},"17":{"start":{"line":144,"column":8},"end":{"line":144,"column":70}},"18":{"start":{"line":153,"column":8},"end":{"line":153,"column":90}},"19":{"start":{"line":156,"column":8},"end":{"line":156,"column":64}},"20":{"start":{"line":172,"column":8},"end":{"line":172,"column":39}},"21":{"start":{"line":184,"column":8},"end":{"line":184,"column":69}},"22":{"start":{"line":185,"column":8},"end":{"line":185,"column":6393}},"23":{"start":{"line":204,"column":8},"end":{"line":204,"column":37}},"24":{"start":{"line":205,"column":8},"end":{"line":205,"column":35}},"25":{"start":{"line":206,"column":8},"end":{"line":206,"column":33}},"26":{"start":{"line":207,"column":8},"end":{"line":207,"column":38}},"27":{"start":{"line":210,"column":8},"end":{"line":210,"column":101}},"28":{"start":{"line":211,"column":8},"end":{"line":211,"column":82}},"29":{"start":{"line":212,"column":8},"end":{"line":212,"column":77}},"30":{"start":{"line":213,"column":8},"end":{"line":213,"column":93}},"31":{"start":{"line":216,"column":8},"end":{"line":216,"column":7640}},"32":{"start":{"line":223,"column":8},"end":{"line":223,"column":42}},"33":{"start":{"line":232,"column":8},"end":{"line":232,"column":49}},"34":{"start":{"line":238,"column":8},"end":{"line":238,"column":51}},"35":{"start":{"line":254,"column":8},"end":{"line":254,"column":70}}},"branchMap":{"1":{"line":87,"type":"if","locations":[{"start":{"line":87,"column":8},"end":{"line":87,"column":8}},{"start":{"line":87,"column":8},"end":{"line":87,"column":8}}]},"2":{"line":127,"type":"if","locations":[{"start":{"line":127,"column":8},"end":{"line":127,"column":8}},{"start":{"line":127,"column":8},"end":{"line":127,"column":8}}]},"3":{"line":129,"type":"if","locations":[{"start":{"line":129,"column":8},"end":{"line":129,"column":8}},{"start":{"line":129,"column":8},"end":{"line":129,"column":8}}]},"4":{"line":210,"type":"if","locations":[{"start":{"line":210,"column":55},"end":{"line":210,"column":63}},{"start":{"line":210,"column":67},"end":{"line":210,"column":100}}]},"5":{"line":211,"type":"if","locations":[{"start":{"line":211,"column":44},"end":{"line":211,"column":52}},{"start":{"line":211,"column":56},"end":{"line":211,"column":81}}]},"6":{"line":212,"type":"if","locations":[{"start":{"line":212,"column":41},"end":{"line":212,"column":49}},{"start":{"line":212,"column":53},"end":{"line":212,"column":76}}]},"7":{"line":213,"type":"if","locations":[{"start":{"line":213,"column":51},"end":{"line":213,"column":59}},{"start":{"line":213,"column":63},"end":{"line":213,"column":92}}]},"8":{"line":223,"type":"if","locations":[{"start":{"line":223,"column":30},"end":{"line":223,"column":33}},{"start":{"line":223,"column":37},"end":{"line":223,"column":41}}]},"9":{"line":230,"type":"if","locations":[{"start":{"line":230,"column":62},"end":{"line":230,"column":62}},{"start":{"line":230,"column":62},"end":{"line":230,"column":62}}]},"10":{"line":235,"type":"if","locations":[{"start":{"line":235,"column":72},"end":{"line":235,"column":72}},{"start":{"line":235,"column":72},"end":{"line":235,"column":72}}]},"11":{"line":241,"type":"if","locations":[{"start":{"line":241,"column":57},"end":{"line":241,"column":57}},{"start":{"line":241,"column":57},"end":{"line":241,"column":57}}]},"12":{"line":253,"type":"if","locations":[{"start":{"line":253,"column":15},"end":{"line":253,"column":15}},{"start":{"line":253,"column":15},"end":{"line":253,"column":15}}]}}},"contracts/staking/METHStaking.sol":{"l":{"135":0,"137":1,"138":0,"140":0,"141":1,"143":1,"144":1,"163":0,"164":7,"167":6,"170":6,"171":0,"172":6,"173":6,"175":6,"176":6,"180":6,"181":6,"183":6,"185":0,"199":0,"201":0,"202":0,"205":0,"208":0,"211":0,"212":0,"215":0,"223":0,"225":0,"226":0,"229":0,"231":0,"243":0,"245":0,"247":0,"250":0,"251":0,"252":0,"254":0,"257":0,"258":0,"261":0,"262":0,"264":0,"265":0,"268":0,"269":0,"271":0,"273":0,"285":0,"288":0,"289":0,"290":0,"294":0,"295":0,"297":0,"300":0,"301":0,"302":0,"304":0,"305":0,"306":0,"308":0,"309":0,"311":0,"319":0,"321":0,"322":0,"324":0,"326":0,"327":0,"333":0,"335":0,"342":0,"344":0,"346":0,"347":0,"349":1,"350":0,"351":1,"353":1,"364":1,"365":1,"372":1,"379":1,"396":0,"397":0,"410":1,"418":1,"420":0,"422":0,"423":0,"425":0,"426":0,"427":0,"429":0,"437":0,"438":0,"439":0,"446":0,"447":0,"451":0,"452":0,"459":0,"460":0,"461":0,"463":0,"464":0},"path":"/home/cruzer/Desktop/VITA-Protocol/packages/contracts/contracts/staking/METHStaking.sol","s":{"1":0,"2":0,"3":1,"4":0,"5":7,"6":6,"7":6,"8":6,"9":6,"10":0,"11":0,"12":0,"13":0,"14":0,"15":0,"16":0,"17":0,"18":0,"19":0,"20":0,"21":0,"22":0,"23":0,"24":0,"25":0,"26":0,"27":0,"28":0,"29":0,"30":0,"31":0,"32":0,"33":0,"34":0,"35":0,"36":0,"37":0,"38":0,"39":0,"40":0,"41":0,"42":0,"43":0,"44":0,"45":0,"46":0,"47":0,"48":0,"49":1,"50":0,"51":0,"52":1,"53":1,"54":0,"55":1,"56":1,"57":1,"58":1,"59":1,"60":0,"61":0,"62":0,"63":1,"64":0,"65":0,"66":0,"67":0,"68":0,"69":0,"70":0,"71":0,"72":0,"73":0,"74":0,"75":0,"76":0,"77":0,"78":0,"79":0,"80":0,"81":0,"82":0},"b":{"1":[1,1],"2":[0,0],"3":[0,0],"4":[0,0],"5":[0,0],"6":[7,1],"7":[6,6],"8":[0,0],"9":[0,0],"10":[0,0],"11":[0,0],"12":[0,0],"13":[0,0],"14":[0,0],"15":[0,0],"16":[0,0],"17":[0,0],"18":[0,0],"19":[0,0],"20":[0,0],"21":[0,0],"22":[0,0],"23":[0,0],"24":[1,1],"25":[1,1],"26":[1,1],"27":[0,0],"28":[0,0],"29":[0,0],"30":[0,0],"31":[0,0],"32":[0,0],"33":[0,0],"34":[0,0],"35":[0,0],"36":[0,0]},"f":{"1":0,"2":1,"3":6,"4":0,"5":0,"6":0,"7":0,"8":1,"9":1,"10":1,"11":0,"12":1,"13":1,"14":0,"15":0,"16":0},"fnMap":{"1":{"name":"constructor","line":134,"loc":{"start":{"line":134,"column":4},"end":{"line":145,"column":4}}},"2":{"name":"stakeForWorker","line":160,"loc":{"start":{"line":156,"column":4},"end":{"line":186,"column":4}}},"3":{"name":"requestUnstake","line":196,"loc":{"start":{"line":193,"column":4},"end":{"line":232,"column":4}}},"4":{"name":"claimUnstake","line":240,"loc":{"start":{"line":238,"column":4},"end":{"line":274,"column":4}}},"5":{"name":"distributeYield","line":284,"loc":{"start":{"line":284,"column":4},"end":{"line":312,"column":4}}},"6":{"name":"claimYield","line":318,"loc":{"start":{"line":318,"column":4},"end":{"line":336,"column":4}}},"7":{"name":"getPendingYield","line":341,"loc":{"start":{"line":341,"column":4},"end":{"line":354,"column":4}}},"8":{"name":"getWorkerETHValue","line":363,"loc":{"start":{"line":363,"column":4},"end":{"line":366,"column":4}}},"9":{"name":"getTotalETHValue","line":371,"loc":{"start":{"line":371,"column":4},"end":{"line":373,"column":4}}},"10":{"name":"getCurrentExchangeRate","line":378,"loc":{"start":{"line":378,"column":4},"end":{"line":380,"column":4}}},"11":{"name":"getWorkerStake","line":385,"loc":{"start":{"line":385,"column":4},"end":{"line":404,"column":4}}},"12":{"name":"getWorkerUnstakeRequestCount","line":409,"loc":{"start":{"line":409,"column":4},"end":{"line":411,"column":4}}},"13":{"name":"_calculateAndAccumulateYield","line":417,"loc":{"start":{"line":417,"column":4},"end":{"line":430,"column":4}}},"14":{"name":"setTreasury","line":436,"loc":{"start":{"line":436,"column":4},"end":{"line":440,"column":4}}},"15":{"name":"withdrawProtocolYield","line":445,"loc":{"start":{"line":445,"column":4},"end":{"line":453,"column":4}}},"16":{"name":"emergencyWithdraw","line":458,"loc":{"start":{"line":458,"column":4},"end":{"line":466,"column":4}}}},"statementMap":{"1":{"start":{"line":135,"column":8},"end":{"line":135,"column":83}},"2":{"start":{"line":140,"column":8},"end":{"line":140,"column":49}},"3":{"start":{"line":141,"column":8},"end":{"line":141,"column":51}},"4":{"start":{"line":163,"column":8},"end":{"line":163,"column":47}},"5":{"start":{"line":164,"column":8},"end":{"line":164,"column":57}},"6":{"start":{"line":170,"column":8},"end":{"line":170,"column":56}},"7":{"start":{"line":175,"column":8},"end":{"line":175,"column":6044}},"8":{"start":{"line":183,"column":8},"end":{"line":183,"column":52}},"9":{"start":{"line":185,"column":8},"end":{"line":185,"column":27}},"10":{"start":{"line":199,"column":8},"end":{"line":199,"column":56}},"11":{"start":{"line":201,"column":8},"end":{"line":201,"column":52}},"12":{"start":{"line":202,"column":8},"end":{"line":202,"column":72}},"13":{"start":{"line":205,"column":8},"end":{"line":205,"column":43}},"14":{"start":{"line":215,"column":8},"end":{"line":215,"column":7254}},"15":{"start":{"line":223,"column":8},"end":{"line":223,"column":69}},"16":{"start":{"line":225,"column":8},"end":{"line":225,"column":7568}},"17":{"start":{"line":229,"column":8},"end":{"line":229,"column":60}},"18":{"start":{"line":231,"column":8},"end":{"line":231,"column":24}},"19":{"start":{"line":243,"column":8},"end":{"line":243,"column":83}},"20":{"start":{"line":245,"column":8},"end":{"line":245,"column":70}},"21":{"start":{"line":247,"column":8},"end":{"line":247,"column":66}},"22":{"start":{"line":250,"column":8},"end":{"line":250,"column":53}},"23":{"start":{"line":251,"column":8},"end":{"line":251,"column":50}},"24":{"start":{"line":257,"column":8},"end":{"line":257,"column":64}},"25":{"start":{"line":258,"column":8},"end":{"line":258,"column":8673}},"26":{"start":{"line":261,"column":8},"end":{"line":261,"column":8764}},"27":{"start":{"line":268,"column":8},"end":{"line":268,"column":70}},"28":{"start":{"line":269,"column":8},"end":{"line":269,"column":46}},"29":{"start":{"line":271,"column":8},"end":{"line":271,"column":56}},"30":{"start":{"line":273,"column":8},"end":{"line":273,"column":26}},"31":{"start":{"line":285,"column":8},"end":{"line":285,"column":49}},"32":{"start":{"line":288,"column":8},"end":{"line":288,"column":9698}},"33":{"start":{"line":290,"column":12},"end":{"line":290,"column":18}},"34":{"start":{"line":294,"column":8},"end":{"line":294,"column":61}},"35":{"start":{"line":295,"column":8},"end":{"line":295,"column":67}},"36":{"start":{"line":297,"column":8},"end":{"line":297,"column":40}},"37":{"start":{"line":297,"column":34},"end":{"line":297,"column":40}},"38":{"start":{"line":300,"column":8},"end":{"line":300,"column":84}},"39":{"start":{"line":301,"column":8},"end":{"line":301,"column":84}},"40":{"start":{"line":302,"column":8},"end":{"line":302,"column":75}},"41":{"start":{"line":311,"column":8},"end":{"line":311,"column":87}},"42":{"start":{"line":319,"column":8},"end":{"line":319,"column":43}},"43":{"start":{"line":321,"column":8},"end":{"line":321,"column":56}},"44":{"start":{"line":324,"column":8},"end":{"line":324,"column":53}},"45":{"start":{"line":333,"column":8},"end":{"line":333,"column":46}},"46":{"start":{"line":335,"column":8},"end":{"line":335,"column":26}},"47":{"start":{"line":342,"column":8},"end":{"line":342,"column":56}},"48":{"start":{"line":344,"column":8},"end":{"line":344,"column":84}},"49":{"start":{"line":344,"column":55},"end":{"line":344,"column":84}},"50":{"start":{"line":346,"column":8},"end":{"line":346,"column":49}},"51":{"start":{"line":347,"column":8},"end":{"line":347,"column":74}},"52":{"start":{"line":347,"column":45},"end":{"line":347,"column":74}},"53":{"start":{"line":349,"column":8},"end":{"line":349,"column":61}},"54":{"start":{"line":350,"column":8},"end":{"line":350,"column":75}},"55":{"start":{"line":351,"column":8},"end":{"line":351,"column":84}},"56":{"start":{"line":353,"column":8},"end":{"line":353,"column":51}},"57":{"start":{"line":364,"column":8},"end":{"line":364,"column":56}},"58":{"start":{"line":365,"column":8},"end":{"line":365,"column":48}},"59":{"start":{"line":372,"column":8},"end":{"line":372,"column":40}},"60":{"start":{"line":379,"column":8},"end":{"line":379,"column":34}},"61":{"start":{"line":396,"column":8},"end":{"line":396,"column":56}},"62":{"start":{"line":397,"column":8},"end":{"line":397,"column":13451}},"63":{"start":{"line":410,"column":8},"end":{"line":410,"column":51}},"64":{"start":{"line":418,"column":8},"end":{"line":418,"column":56}},"65":{"start":{"line":420,"column":8},"end":{"line":420,"column":61}},"66":{"start":{"line":420,"column":55},"end":{"line":420,"column":61}},"67":{"start":{"line":422,"column":8},"end":{"line":422,"column":49}},"68":{"start":{"line":423,"column":8},"end":{"line":423,"column":51}},"69":{"start":{"line":423,"column":45},"end":{"line":423,"column":51}},"70":{"start":{"line":425,"column":8},"end":{"line":425,"column":61}},"71":{"start":{"line":426,"column":8},"end":{"line":426,"column":75}},"72":{"start":{"line":427,"column":8},"end":{"line":427,"column":84}},"73":{"start":{"line":437,"column":8},"end":{"line":437,"column":60}},"74":{"start":{"line":438,"column":8},"end":{"line":438,"column":49}},"75":{"start":{"line":446,"column":8},"end":{"line":446,"column":43}},"76":{"start":{"line":451,"column":8},"end":{"line":451,"column":59}},"77":{"start":{"line":452,"column":8},"end":{"line":452,"column":42}},"78":{"start":{"line":459,"column":8},"end":{"line":459,"column":15625}},"79":{"start":{"line":460,"column":12},"end":{"line":460,"column":78}},"80":{"start":{"line":461,"column":12},"end":{"line":461,"column":50}},"81":{"start":{"line":463,"column":12},"end":{"line":463,"column":68}},"82":{"start":{"line":464,"column":12},"end":{"line":464,"column":56}}},"branchMap":{"1":{"line":135,"type":"if","locations":[{"start":{"line":135,"column":8},"end":{"line":135,"column":8}},{"start":{"line":135,"column":8},"end":{"line":135,"column":8}}]},"2":{"line":135,"type":"cond-expr","locations":[{"start":{"line":135,"column":12},"end":{"line":135,"column":30}},{"start":{"line":135,"column":35},"end":{"line":135,"column":57}}]},"3":{"line":159,"type":"if","locations":[{"start":{"line":159,"column":8},"end":{"line":159,"column":8}},{"start":{"line":159,"column":8},"end":{"line":159,"column":8}}]},"4":{"line":160,"type":"if","locations":[{"start":{"line":160,"column":8},"end":{"line":160,"column":8}},{"start":{"line":160,"column":8},"end":{"line":160,"column":8}}]},"5":{"line":163,"type":"if","locations":[{"start":{"line":163,"column":8},"end":{"line":163,"column":8}},{"start":{"line":163,"column":8},"end":{"line":163,"column":8}}]},"6":{"line":164,"type":"if","locations":[{"start":{"line":164,"column":8},"end":{"line":164,"column":8}},{"start":{"line":164,"column":8},"end":{"line":164,"column":8}}]},"7":{"line":175,"type":"if","locations":[{"start":{"line":175,"column":8},"end":{"line":175,"column":8}},{"start":{"line":175,"column":8},"end":{"line":175,"column":8}}]},"8":{"line":195,"type":"if","locations":[{"start":{"line":195,"column":8},"end":{"line":195,"column":8}},{"start":{"line":195,"column":8},"end":{"line":195,"column":8}}]},"9":{"line":196,"type":"if","locations":[{"start":{"line":196,"column":8},"end":{"line":196,"column":8}},{"start":{"line":196,"column":8},"end":{"line":196,"column":8}}]},"10":{"line":201,"type":"if","locations":[{"start":{"line":201,"column":8},"end":{"line":201,"column":8}},{"start":{"line":201,"column":8},"end":{"line":201,"column":8}}]},"11":{"line":202,"type":"if","locations":[{"start":{"line":202,"column":8},"end":{"line":202,"column":8}},{"start":{"line":202,"column":8},"end":{"line":202,"column":8}}]},"12":{"line":225,"type":"if","locations":[{"start":{"line":225,"column":8},"end":{"line":225,"column":8}},{"start":{"line":225,"column":8},"end":{"line":225,"column":8}}]},"13":{"line":240,"type":"if","locations":[{"start":{"line":240,"column":8},"end":{"line":240,"column":8}},{"start":{"line":240,"column":8},"end":{"line":240,"column":8}}]},"14":{"line":243,"type":"if","locations":[{"start":{"line":243,"column":8},"end":{"line":243,"column":8}},{"start":{"line":243,"column":8},"end":{"line":243,"column":8}}]},"15":{"line":247,"type":"if","locations":[{"start":{"line":247,"column":8},"end":{"line":247,"column":8}},{"start":{"line":247,"column":8},"end":{"line":247,"column":8}}]},"16":{"line":261,"type":"if","locations":[{"start":{"line":261,"column":8},"end":{"line":261,"column":8}},{"start":{"line":261,"column":8},"end":{"line":261,"column":8}}]},"17":{"line":269,"type":"if","locations":[{"start":{"line":269,"column":8},"end":{"line":269,"column":8}},{"start":{"line":269,"column":8},"end":{"line":269,"column":8}}]},"18":{"line":284,"type":"if","locations":[{"start":{"line":284,"column":40},"end":{"line":284,"column":40}},{"start":{"line":284,"column":40},"end":{"line":284,"column":40}}]},"19":{"line":288,"type":"if","locations":[{"start":{"line":288,"column":8},"end":{"line":288,"column":8}},{"start":{"line":288,"column":8},"end":{"line":288,"column":8}}]},"20":{"line":288,"type":"cond-expr","locations":[{"start":{"line":288,"column":12},"end":{"line":288,"column":42}},{"start":{"line":288,"column":47},"end":{"line":288,"column":60}}]},"21":{"line":297,"type":"if","locations":[{"start":{"line":297,"column":8},"end":{"line":297,"column":8}},{"start":{"line":297,"column":8},"end":{"line":297,"column":8}}]},"22":{"line":318,"type":"if","locations":[{"start":{"line":318,"column":49},"end":{"line":318,"column":49}},{"start":{"line":318,"column":49},"end":{"line":318,"column":49}}]},"23":{"line":324,"type":"if","locations":[{"start":{"line":324,"column":8},"end":{"line":324,"column":8}},{"start":{"line":324,"column":8},"end":{"line":324,"column":8}}]},"24":{"line":344,"type":"if","locations":[{"start":{"line":344,"column":8},"end":{"line":344,"column":8}},{"start":{"line":344,"column":8},"end":{"line":344,"column":8}}]},"25":{"line":344,"type":"cond-expr","locations":[{"start":{"line":344,"column":12},"end":{"line":344,"column":26}},{"start":{"line":344,"column":31},"end":{"line":344,"column":52}}]},"26":{"line":347,"type":"if","locations":[{"start":{"line":347,"column":8},"end":{"line":347,"column":8}},{"start":{"line":347,"column":8},"end":{"line":347,"column":8}}]},"27":{"line":420,"type":"if","locations":[{"start":{"line":420,"column":8},"end":{"line":420,"column":8}},{"start":{"line":420,"column":8},"end":{"line":420,"column":8}}]},"28":{"line":420,"type":"cond-expr","locations":[{"start":{"line":420,"column":12},"end":{"line":420,"column":26}},{"start":{"line":420,"column":31},"end":{"line":420,"column":52}}]},"29":{"line":423,"type":"if","locations":[{"start":{"line":423,"column":8},"end":{"line":423,"column":8}},{"start":{"line":423,"column":8},"end":{"line":423,"column":8}}]},"30":{"line":436,"type":"if","locations":[{"start":{"line":436,"column":53},"end":{"line":436,"column":53}},{"start":{"line":436,"column":53},"end":{"line":436,"column":53}}]},"31":{"line":437,"type":"if","locations":[{"start":{"line":437,"column":8},"end":{"line":437,"column":8}},{"start":{"line":437,"column":8},"end":{"line":437,"column":8}}]},"32":{"line":445,"type":"if","locations":[{"start":{"line":445,"column":46},"end":{"line":445,"column":46}},{"start":{"line":445,"column":46},"end":{"line":445,"column":46}}]},"33":{"line":452,"type":"if","locations":[{"start":{"line":452,"column":8},"end":{"line":452,"column":8}},{"start":{"line":452,"column":8},"end":{"line":452,"column":8}}]},"34":{"line":458,"type":"if","locations":[{"start":{"line":458,"column":55},"end":{"line":458,"column":55}},{"start":{"line":458,"column":55},"end":{"line":458,"column":55}}]},"35":{"line":459,"type":"if","locations":[{"start":{"line":459,"column":8},"end":{"line":459,"column":8}},{"start":{"line":459,"column":8},"end":{"line":459,"column":8}}]},"36":{"line":461,"type":"if","locations":[{"start":{"line":461,"column":12},"end":{"line":461,"column":12}},{"start":{"line":461,"column":12},"end":{"line":461,"column":12}}]}}},"contracts/ValuationEngine.sol":{"l":{"53":0,"54":0,"55":0,"56":0,"57":19,"58":19,"59":19,"60":19,"61":19,"62":19,"84":19,"85":2,"88":2,"89":2,"92":2,"95":2,"98":2,"101":2,"103":2,"114":2,"117":2,"123":3,"125":3,"129":3,"130":0,"131":3,"132":3,"135":3,"138":3,"139":3,"143":3,"144":3,"147":3,"158":0,"165":3,"166":1,"167":1,"168":1,"178":1,"179":0,"180":0,"181":0,"182":0,"183":0,"191":0,"212":0,"213":0,"214":0,"215":1,"216":1},"path":"/home/cruzer/Desktop/VITA-Protocol/packages/contracts/contracts/ValuationEngine.sol","s":{"1":19,"2":2,"3":2,"4":2,"5":2,"6":2,"7":2,"8":2,"9":2,"10":2,"11":3,"12":3,"13":0,"14":0,"15":3,"16":3,"17":3,"18":3,"19":3,"20":3,"21":0,"22":1,"23":1,"24":0,"25":0,"26":0,"27":0,"28":0,"29":0,"30":0},"b":{"1":[19,0],"2":[2,0],"3":[2,0],"4":[3,3],"5":[3,3],"6":[3,0],"7":[0,0],"8":[0,3],"9":[0,0],"10":[0,1],"11":[0,0]},"f":{"1":0,"2":19,"3":2,"4":0,"5":3,"6":1,"7":0,"8":0},"fnMap":{"1":{"name":"constructor","line":51,"loc":{"start":{"line":51,"column":4},"end":{"line":63,"column":4}}},"2":{"name":"calculateValue","line":78,"loc":{"start":{"line":78,"column":4},"end":{"line":104,"column":4}}},"3":{"name":"_calculateTimeDecay","line":112,"loc":{"start":{"line":112,"column":4},"end":{"line":148,"column":4}}},"4":{"name":"getSkillRate","line":157,"loc":{"start":{"line":157,"column":4},"end":{"line":159,"column":4}}},"5":{"name":"updateSkillRate","line":164,"loc":{"start":{"line":164,"column":4},"end":{"line":169,"column":4}}},"6":{"name":"batchUpdateSkillRates","line":177,"loc":{"start":{"line":174,"column":4},"end":{"line":185,"column":4}}},"7":{"name":"getDecayConstant","line":190,"loc":{"start":{"line":190,"column":4},"end":{"line":192,"column":4}}},"8":{"name":"calculateValueDetailed","line":201,"loc":{"start":{"line":201,"column":4},"end":{"line":217,"column":4}}}},"statementMap":{"1":{"start":{"line":84,"column":8},"end":{"line":84,"column":86}},"2":{"start":{"line":85,"column":8},"end":{"line":85,"column":107}},"3":{"start":{"line":88,"column":8},"end":{"line":88,"column":40}},"4":{"start":{"line":89,"column":8},"end":{"line":89,"column":50}},"5":{"start":{"line":92,"column":8},"end":{"line":92,"column":47}},"6":{"start":{"line":95,"column":8},"end":{"line":95,"column":74}},"7":{"start":{"line":98,"column":8},"end":{"line":98,"column":66}},"8":{"start":{"line":103,"column":8},"end":{"line":103,"column":20}},"9":{"start":{"line":114,"column":8},"end":{"line":114,"column":72}},"10":{"start":{"line":117,"column":8},"end":{"line":117,"column":66}},"11":{"start":{"line":123,"column":8},"end":{"line":123,"column":4994}},"12":{"start":{"line":125,"column":12},"end":{"line":125,"column":33}},"13":{"start":{"line":129,"column":8},"end":{"line":129,"column":33}},"14":{"start":{"line":130,"column":8},"end":{"line":130,"column":31}},"15":{"start":{"line":131,"column":8},"end":{"line":131,"column":61}},"16":{"start":{"line":132,"column":8},"end":{"line":132,"column":83}},"17":{"start":{"line":138,"column":8},"end":{"line":138,"column":5568}},"18":{"start":{"line":143,"column":8},"end":{"line":143,"column":5668}},"19":{"start":{"line":147,"column":8},"end":{"line":147,"column":20}},"20":{"start":{"line":158,"column":8},"end":{"line":158,"column":32}},"21":{"start":{"line":165,"column":8},"end":{"line":165,"column":52}},"22":{"start":{"line":166,"column":8},"end":{"line":166,"column":43}},"23":{"start":{"line":168,"column":8},"end":{"line":168,"column":54}},"24":{"start":{"line":178,"column":8},"end":{"line":178,"column":64}},"25":{"start":{"line":179,"column":8},"end":{"line":179,"column":6807}},"26":{"start":{"line":180,"column":12},"end":{"line":180,"column":57}},"27":{"start":{"line":181,"column":12},"end":{"line":181,"column":51}},"28":{"start":{"line":183,"column":12},"end":{"line":183,"column":63}},"29":{"start":{"line":191,"column":8},"end":{"line":191,"column":29}},"30":{"start":{"line":212,"column":8},"end":{"line":212,"column":40}}},"branchMap":{"1":{"line":84,"type":"if","locations":[{"start":{"line":84,"column":8},"end":{"line":84,"column":8}},{"start":{"line":84,"column":8},"end":{"line":84,"column":8}}]},"2":{"line":85,"type":"if","locations":[{"start":{"line":85,"column":8},"end":{"line":85,"column":8}},{"start":{"line":85,"column":8},"end":{"line":85,"column":8}}]},"3":{"line":89,"type":"if","locations":[{"start":{"line":89,"column":8},"end":{"line":89,"column":8}},{"start":{"line":89,"column":8},"end":{"line":89,"column":8}}]},"4":{"line":123,"type":"if","locations":[{"start":{"line":123,"column":8},"end":{"line":123,"column":8}},{"start":{"line":123,"column":8},"end":{"line":123,"column":8}}]},"5":{"line":138,"type":"if","locations":[{"start":{"line":138,"column":8},"end":{"line":138,"column":8}},{"start":{"line":138,"column":8},"end":{"line":138,"column":8}}]},"6":{"line":143,"type":"if","locations":[{"start":{"line":143,"column":8},"end":{"line":143,"column":8}},{"start":{"line":143,"column":8},"end":{"line":143,"column":8}}]},"7":{"line":164,"type":"if","locations":[{"start":{"line":164,"column":85},"end":{"line":164,"column":85}},{"start":{"line":164,"column":85},"end":{"line":164,"column":85}}]},"8":{"line":165,"type":"if","locations":[{"start":{"line":165,"column":8},"end":{"line":165,"column":8}},{"start":{"line":165,"column":8},"end":{"line":165,"column":8}}]},"9":{"line":177,"type":"if","locations":[{"start":{"line":177,"column":15},"end":{"line":177,"column":15}},{"start":{"line":177,"column":15},"end":{"line":177,"column":15}}]},"10":{"line":178,"type":"if","locations":[{"start":{"line":178,"column":8},"end":{"line":178,"column":8}},{"start":{"line":178,"column":8},"end":{"line":178,"column":8}}]},"11":{"line":180,"type":"if","locations":[{"start":{"line":180,"column":12},"end":{"line":180,"column":12}},{"start":{"line":180,"column":12},"end":{"line":180,"column":12}}]}}},"contracts/verifiers/Groth16Verifier.sol":{"l":{"92":2,"93":14,"94":0,"103":2,"104":1,"107":1,"108":0,"111":1,"112":0,"120":1,"133":0,"134":0,"137":0,"143":0,"150":1,"157":1,"164":1},"path":"/home/cruzer/Desktop/VITA-Protocol/packages/contracts/contracts/verifiers/Groth16Verifier.sol","s":{"1":2,"2":14,"3":2,"4":1,"5":1,"6":0,"7":1,"8":0,"9":1,"10":0,"11":0,"12":0,"13":1,"14":1,"15":1},"b":{"1":[0,14],"2":[1,1],"3":[0,1],"4":[0,1],"5":[0,0]},"f":{"1":2,"2":0,"3":1,"4":1,"5":1},"fnMap":{"1":{"name":"verifyProof","line":85,"loc":{"start":{"line":85,"column":4},"end":{"line":121,"column":4}}},"2":{"name":"verifyProofAndEmit","line":127,"loc":{"start":{"line":127,"column":4},"end":{"line":144,"column":4}}},"3":{"name":"getWorkProofHash","line":149,"loc":{"start":{"line":149,"column":4},"end":{"line":151,"column":4}}},"4":{"name":"getQualityScore","line":156,"loc":{"start":{"line":156,"column":4},"end":{"line":158,"column":4}}},"5":{"name":"getRepoCommitment","line":163,"loc":{"start":{"line":163,"column":4},"end":{"line":165,"column":4}}}},"statementMap":{"1":{"start":{"line":92,"column":8},"end":{"line":92,"column":5342}},"2":{"start":{"line":93,"column":12},"end":{"line":93,"column":5392}},"3":{"start":{"line":103,"column":8},"end":{"line":103,"column":5793}},"4":{"start":{"line":104,"column":12},"end":{"line":104,"column":24}},"5":{"start":{"line":107,"column":8},"end":{"line":107,"column":5880}},"6":{"start":{"line":108,"column":12},"end":{"line":108,"column":24}},"7":{"start":{"line":111,"column":8},"end":{"line":111,"column":6009}},"8":{"start":{"line":112,"column":12},"end":{"line":112,"column":24}},"9":{"start":{"line":120,"column":8},"end":{"line":120,"column":39}},"10":{"start":{"line":133,"column":8},"end":{"line":133,"column":6729}},"11":{"start":{"line":137,"column":8},"end":{"line":137,"column":6840}},"12":{"start":{"line":143,"column":8},"end":{"line":143,"column":19}},"13":{"start":{"line":150,"column":8},"end":{"line":150,"column":29}},"14":{"start":{"line":157,"column":8},"end":{"line":157,"column":29}},"15":{"start":{"line":164,"column":8},"end":{"line":164,"column":29}}},"branchMap":{"1":{"line":93,"type":"if","locations":[{"start":{"line":93,"column":12},"end":{"line":93,"column":12}},{"start":{"line":93,"column":12},"end":{"line":93,"column":12}}]},"2":{"line":103,"type":"if","locations":[{"start":{"line":103,"column":8},"end":{"line":103,"column":8}},{"start":{"line":103,"column":8},"end":{"line":103,"column":8}}]},"3":{"line":107,"type":"if","locations":[{"start":{"line":107,"column":8},"end":{"line":107,"column":8}},{"start":{"line":107,"column":8},"end":{"line":107,"column":8}}]},"4":{"line":111,"type":"if","locations":[{"start":{"line":111,"column":8},"end":{"line":111,"column":8}},{"start":{"line":111,"column":8},"end":{"line":111,"column":8}}]},"5":{"line":133,"type":"if","locations":[{"start":{"line":133,"column":8},"end":{"line":133,"column":8}},{"start":{"line":133,"column":8},"end":{"line":133,"column":8}}]}}},"contracts/verifiers/WorkProofRegistry.sol":{"l":{"68":5,"69":5,"89":5,"90":5,"91":5,"92":5,"93":5,"96":5,"97":1,"101":4,"102":0,"106":4,"107":1,"111":3,"112":0,"116":3,"117":3,"118":1,"122":2,"123":2,"124":2,"125":2,"127":2,"134":2,"141":1,"148":0,"155":1,"163":1,"164":1,"165":1,"169":0,"170":0},"path":"/home/cruzer/Desktop/VITA-Protocol/packages/contracts/contracts/verifiers/WorkProofRegistry.sol","s":{"1":5,"2":5,"3":5,"4":5,"5":5,"6":4,"7":4,"8":3,"9":6,"10":3,"11":2,"12":2,"13":2,"14":1,"15":0,"16":1,"17":1,"18":1,"19":0},"b":{"1":[5,0],"2":[1,4],"3":[0,4],"4":[1,3],"5":[0,3],"6":[1,2],"7":[1,1],"8":[1,0],"9":[0,0]},"f":{"1":5,"2":5,"3":1,"4":0,"5":1,"6":1,"7":0},"fnMap":{"1":{"name":"constructor","line":67,"loc":{"start":{"line":67,"column":4},"end":{"line":70,"column":4}}},"2":{"name":"submitWorkProof","line":88,"loc":{"start":{"line":83,"column":4},"end":{"line":135,"column":4}}},"3":{"name":"getWorkerProofCount","line":140,"loc":{"start":{"line":140,"column":4},"end":{"line":142,"column":4}}},"4":{"name":"getWorkerProofHashes","line":147,"loc":{"start":{"line":147,"column":4},"end":{"line":149,"column":4}}},"5":{"name":"isProofSubmitted","line":154,"loc":{"start":{"line":154,"column":4},"end":{"line":156,"column":4}}},"6":{"name":"setMinQualityScore","line":162,"loc":{"start":{"line":162,"column":4},"end":{"line":166,"column":4}}},"7":{"name":"setMinTimestamp","line":168,"loc":{"start":{"line":168,"column":4},"end":{"line":171,"column":4}}}},"statementMap":{"1":{"start":{"line":90,"column":8},"end":{"line":90,"column":45}},"2":{"start":{"line":91,"column":8},"end":{"line":91,"column":47}},"3":{"start":{"line":92,"column":8},"end":{"line":92,"column":49}},"4":{"start":{"line":93,"column":8},"end":{"line":93,"column":42}},"5":{"start":{"line":96,"column":8},"end":{"line":96,"column":3259}},"6":{"start":{"line":101,"column":8},"end":{"line":101,"column":3410}},"7":{"start":{"line":106,"column":8},"end":{"line":106,"column":3558}},"8":{"start":{"line":111,"column":8},"end":{"line":111,"column":3708}},"9":{"start":{"line":116,"column":8},"end":{"line":116,"column":69}},"10":{"start":{"line":117,"column":8},"end":{"line":117,"column":3907}},"11":{"start":{"line":124,"column":8},"end":{"line":124,"column":57}},"12":{"start":{"line":127,"column":8},"end":{"line":127,"column":4196}},"13":{"start":{"line":134,"column":8},"end":{"line":134,"column":28}},"14":{"start":{"line":141,"column":8},"end":{"line":141,"column":52}},"15":{"start":{"line":148,"column":8},"end":{"line":148,"column":45}},"16":{"start":{"line":155,"column":8},"end":{"line":155,"column":45}},"17":{"start":{"line":163,"column":8},"end":{"line":163,"column":56}},"18":{"start":{"line":164,"column":8},"end":{"line":164,"column":63}},"19":{"start":{"line":169,"column":8},"end":{"line":169,"column":61}}},"branchMap":{"1":{"line":88,"type":"if","locations":[{"start":{"line":88,"column":15},"end":{"line":88,"column":15}},{"start":{"line":88,"column":15},"end":{"line":88,"column":15}}]},"2":{"line":96,"type":"if","locations":[{"start":{"line":96,"column":8},"end":{"line":96,"column":8}},{"start":{"line":96,"column":8},"end":{"line":96,"column":8}}]},"3":{"line":101,"type":"if","locations":[{"start":{"line":101,"column":8},"end":{"line":101,"column":8}},{"start":{"line":101,"column":8},"end":{"line":101,"column":8}}]},"4":{"line":106,"type":"if","locations":[{"start":{"line":106,"column":8},"end":{"line":106,"column":8}},{"start":{"line":106,"column":8},"end":{"line":106,"column":8}}]},"5":{"line":111,"type":"if","locations":[{"start":{"line":111,"column":8},"end":{"line":111,"column":8}},{"start":{"line":111,"column":8},"end":{"line":111,"column":8}}]},"6":{"line":117,"type":"if","locations":[{"start":{"line":117,"column":8},"end":{"line":117,"column":8}},{"start":{"line":117,"column":8},"end":{"line":117,"column":8}}]},"7":{"line":162,"type":"if","locations":[{"start":{"line":162,"column":60},"end":{"line":162,"column":60}},{"start":{"line":162,"column":60},"end":{"line":162,"column":60}}]},"8":{"line":163,"type":"if","locations":[{"start":{"line":163,"column":8},"end":{"line":163,"column":8}},{"start":{"line":163,"column":8},"end":{"line":163,"column":8}}]},"9":{"line":168,"type":"if","locations":[{"start":{"line":168,"column":61},"end":{"line":168,"column":61}},{"start":{"line":168,"column":61},"end":{"line":168,"column":61}}]}}},"contracts/VitaToken.sol":{"l":{"166":0,"167":0,"168":14,"169":14,"192":0,"195":11,"198":10,"201":9,"204":9,"207":8,"208":8,"211":8,"214":8,"215":8,"218":8,"221":8,"232":7,"233":7,"234":7,"235":7,"236":7,"237":7,"240":7,"242":7,"251":7,"253":7,"261":7,"262":7,"263":1,"267":1,"268":1,"269":1,"273":1,"274":1,"275":1,"276":1,"277":1,"289":1,"290":2,"291":2,"293":2,"294":2,"295":2,"298":2,"303":2,"310":2,"311":0,"313":1,"315":1,"316":1,"318":1,"335":1,"345":0,"346":0,"355":2,"359":0,"363":0,"367":0,"374":0,"375":0,"376":0,"388":2,"396":2,"404":1,"412":0,"416":0,"424":0,"425":0,"426":0,"430":7,"431":0,"432":0,"433":0,"437":0,"438":2,"439":2,"440":2,"448":2,"469":2},"path":"/home/cruzer/Desktop/VITA-Protocol/packages/contracts/contracts/VitaToken.sol","s":{"1":0,"2":0,"3":14,"4":14,"5":0,"6":11,"7":10,"8":9,"9":8,"10":8,"11":8,"12":8,"13":7,"14":7,"15":7,"16":7,"17":7,"18":7,"19":7,"20":1,"21":1,"22":1,"23":1,"24":1,"25":1,"26":1,"27":0,"28":2,"29":2,"30":2,"31":2,"32":2,"33":2,"34":2,"35":1,"36":1,"37":1,"38":1,"39":1,"40":2,"41":0,"42":2,"43":0,"44":0,"45":0,"46":0,"47":0,"48":2,"49":1,"50":0,"51":0,"52":0,"53":0,"54":7,"55":0,"56":0,"57":2,"58":2},"b":{"1":[0,0],"2":[0,0],"3":[0,0],"4":[11,0],"5":[10,0],"6":[8,1],"7":[8,0],"8":[1,0],"9":[0,0],"10":[0,1],"11":[2,0],"12":[0,0],"13":[0,0],"14":[1,0],"15":[2,2],"16":[1,1],"17":[0,2],"18":[2,0],"19":[0,0],"20":[0,0],"21":[0,0],"22":[0,0],"23":[0,0],"24":[7,0],"25":[0,0]},"f":{"1":0,"2":14,"3":7,"4":1,"5":1,"6":1,"7":2,"8":1,"9":2,"10":0,"11":0,"12":0,"13":0,"14":2,"15":2,"16":1,"17":0,"18":0,"19":0,"20":7,"21":0,"22":2},"fnMap":{"1":{"name":"constructor","line":165,"loc":{"start":{"line":165,"column":4},"end":{"line":170,"column":4}}},"2":{"name":"mintEcho","line":190,"loc":{"start":{"line":185,"column":4},"end":{"line":254,"column":4}}},"3":{"name":"transfer","line":260,"loc":{"start":{"line":260,"column":4},"end":{"line":264,"column":4}}},"4":{"name":"approve","line":266,"loc":{"start":{"line":266,"column":4},"end":{"line":270,"column":4}}},"5":{"name":"transferFrom","line":272,"loc":{"start":{"line":272,"column":4},"end":{"line":278,"column":4}}},"6":{"name":"distributeYield","line":288,"loc":{"start":{"line":288,"column":4},"end":{"line":304,"column":4}}},"7":{"name":"claimWorkerYield","line":309,"loc":{"start":{"line":309,"column":4},"end":{"line":319,"column":4}}},"8":{"name":"_beforeTokenTransfer","line":329,"loc":{"start":{"line":329,"column":4},"end":{"line":348,"column":4}}},"9":{"name":"addAIOracle","line":354,"loc":{"start":{"line":354,"column":4},"end":{"line":356,"column":4}}},"10":{"name":"removeAIOracle","line":358,"loc":{"start":{"line":358,"column":4},"end":{"line":360,"column":4}}},"11":{"name":"pause","line":362,"loc":{"start":{"line":362,"column":4},"end":{"line":364,"column":4}}},"12":{"name":"unpause","line":366,"loc":{"start":{"line":366,"column":4},"end":{"line":368,"column":4}}},"13":{"name":"verifyWorker","line":372,"loc":{"start":{"line":370,"column":4},"end":{"line":377,"column":4}}},"14":{"name":"getWorkerProfile","line":383,"loc":{"start":{"line":383,"column":4},"end":{"line":389,"column":4}}},"15":{"name":"getTokenMetadata","line":391,"loc":{"start":{"line":391,"column":4},"end":{"line":397,"column":4}}},"16":{"name":"isAttestationUsed","line":399,"loc":{"start":{"line":399,"column":4},"end":{"line":405,"column":4}}},"17":{"name":"getCurrentNonce","line":407,"loc":{"start":{"line":407,"column":4},"end":{"line":413,"column":4}}},"18":{"name":"DOMAIN_SEPARATOR","line":415,"loc":{"start":{"line":415,"column":4},"end":{"line":417,"column":4}}},"19":{"name":"_mint","line":423,"loc":{"start":{"line":423,"column":4},"end":{"line":427,"column":4}}},"20":{"name":"_burn","line":429,"loc":{"start":{"line":429,"column":4},"end":{"line":434,"column":4}}},"21":{"name":"_transfer","line":436,"loc":{"start":{"line":436,"column":4},"end":{"line":441,"column":4}}},"22":{"name":"_hashAttestation","line":443,"loc":{"start":{"line":443,"column":4},"end":{"line":462,"column":4}}}},"statementMap":{"1":{"start":{"line":166,"column":8},"end":{"line":166,"column":49}},"2":{"start":{"line":167,"column":8},"end":{"line":167,"column":41}},"3":{"start":{"line":168,"column":8},"end":{"line":168,"column":45}},"4":{"start":{"line":169,"column":8},"end":{"line":169,"column":46}},"5":{"start":{"line":192,"column":8},"end":{"line":192,"column":80}},"6":{"start":{"line":195,"column":8},"end":{"line":195,"column":85}},"7":{"start":{"line":198,"column":8},"end":{"line":198,"column":71}},"8":{"start":{"line":201,"column":8},"end":{"line":201,"column":63}},"9":{"start":{"line":204,"column":8},"end":{"line":204,"column":78}},"10":{"start":{"line":207,"column":8},"end":{"line":207,"column":58}},"11":{"start":{"line":208,"column":8},"end":{"line":208,"column":55}},"12":{"start":{"line":211,"column":8},"end":{"line":211,"column":78}},"13":{"start":{"line":232,"column":8},"end":{"line":232,"column":66}},"14":{"start":{"line":240,"column":8},"end":{"line":240,"column":48}},"15":{"start":{"line":242,"column":8},"end":{"line":242,"column":8583}},"16":{"start":{"line":251,"column":8},"end":{"line":251,"column":65}},"17":{"start":{"line":253,"column":8},"end":{"line":253,"column":22}},"18":{"start":{"line":261,"column":8},"end":{"line":261,"column":51}},"19":{"start":{"line":262,"column":8},"end":{"line":262,"column":40}},"20":{"start":{"line":263,"column":8},"end":{"line":263,"column":19}},"21":{"start":{"line":268,"column":8},"end":{"line":268,"column":50}},"22":{"start":{"line":269,"column":8},"end":{"line":269,"column":19}},"23":{"start":{"line":273,"column":8},"end":{"line":273,"column":79}},"24":{"start":{"line":274,"column":8},"end":{"line":274,"column":45}},"25":{"start":{"line":276,"column":8},"end":{"line":276,"column":34}},"26":{"start":{"line":277,"column":8},"end":{"line":277,"column":19}},"27":{"start":{"line":289,"column":8},"end":{"line":289,"column":55}},"28":{"start":{"line":290,"column":8},"end":{"line":290,"column":59}},"29":{"start":{"line":291,"column":8},"end":{"line":291,"column":65}},"30":{"start":{"line":293,"column":8},"end":{"line":293,"column":78}},"31":{"start":{"line":294,"column":8},"end":{"line":294,"column":78}},"32":{"start":{"line":295,"column":8},"end":{"line":295,"column":72}},"33":{"start":{"line":303,"column":8},"end":{"line":303,"column":82}},"34":{"start":{"line":310,"column":8},"end":{"line":310,"column":55}},"35":{"start":{"line":311,"column":8},"end":{"line":311,"column":47}},"36":{"start":{"line":315,"column":8},"end":{"line":315,"column":61}},"37":{"start":{"line":316,"column":8},"end":{"line":316,"column":48}},"38":{"start":{"line":318,"column":8},"end":{"line":318,"column":51}},"39":{"start":{"line":335,"column":8},"end":{"line":335,"column":58}},"40":{"start":{"line":335,"column":52},"end":{"line":335,"column":58}},"41":{"start":{"line":345,"column":8},"end":{"line":345,"column":12440}},"42":{"start":{"line":346,"column":12},"end":{"line":346,"column":74}},"43":{"start":{"line":355,"column":8},"end":{"line":355,"column":40}},"44":{"start":{"line":359,"column":8},"end":{"line":359,"column":41}},"45":{"start":{"line":363,"column":8},"end":{"line":363,"column":15}},"46":{"start":{"line":367,"column":8},"end":{"line":367,"column":17}},"47":{"start":{"line":376,"column":8},"end":{"line":376,"column":51}},"48":{"start":{"line":388,"column":8},"end":{"line":388,"column":37}},"49":{"start":{"line":396,"column":8},"end":{"line":396,"column":37}},"50":{"start":{"line":404,"column":8},"end":{"line":404,"column":48}},"51":{"start":{"line":412,"column":8},"end":{"line":412,"column":29}},"52":{"start":{"line":416,"column":8},"end":{"line":416,"column":35}},"53":{"start":{"line":426,"column":8},"end":{"line":426,"column":45}},"54":{"start":{"line":430,"column":8},"end":{"line":430,"column":65}},"55":{"start":{"line":433,"column":8},"end":{"line":433,"column":47}},"56":{"start":{"line":437,"column":8},"end":{"line":437,"column":65}},"57":{"start":{"line":440,"column":8},"end":{"line":440,"column":39}},"58":{"start":{"line":448,"column":8},"end":{"line":448,"column":15478}}},"branchMap":{"1":{"line":190,"type":"if","locations":[{"start":{"line":190,"column":15},"end":{"line":190,"column":15}},{"start":{"line":190,"column":15},"end":{"line":190,"column":15}}]},"2":{"line":190,"type":"if","locations":[{"start":{"line":190,"column":28},"end":{"line":190,"column":28}},{"start":{"line":190,"column":28},"end":{"line":190,"column":28}}]},"3":{"line":192,"type":"if","locations":[{"start":{"line":192,"column":8},"end":{"line":192,"column":8}},{"start":{"line":192,"column":8},"end":{"line":192,"column":8}}]},"4":{"line":195,"type":"if","locations":[{"start":{"line":195,"column":8},"end":{"line":195,"column":8}},{"start":{"line":195,"column":8},"end":{"line":195,"column":8}}]},"5":{"line":198,"type":"if","locations":[{"start":{"line":198,"column":8},"end":{"line":198,"column":8}},{"start":{"line":198,"column":8},"end":{"line":198,"column":8}}]},"6":{"line":204,"type":"if","locations":[{"start":{"line":204,"column":8},"end":{"line":204,"column":8}},{"start":{"line":204,"column":8},"end":{"line":204,"column":8}}]},"7":{"line":211,"type":"if","locations":[{"start":{"line":211,"column":8},"end":{"line":211,"column":8}},{"start":{"line":211,"column":8},"end":{"line":211,"column":8}}]},"8":{"line":273,"type":"if","locations":[{"start":{"line":273,"column":8},"end":{"line":273,"column":8}},{"start":{"line":273,"column":8},"end":{"line":273,"column":8}}]},"9":{"line":288,"type":"if","locations":[{"start":{"line":288,"column":63},"end":{"line":288,"column":63}},{"start":{"line":288,"column":63},"end":{"line":288,"column":63}}]},"10":{"line":289,"type":"if","locations":[{"start":{"line":289,"column":8},"end":{"line":289,"column":8}},{"start":{"line":289,"column":8},"end":{"line":289,"column":8}}]},"11":{"line":291,"type":"if","locations":[{"start":{"line":291,"column":8},"end":{"line":291,"column":8}},{"start":{"line":291,"column":8},"end":{"line":291,"column":8}}]},"12":{"line":309,"type":"if","locations":[{"start":{"line":309,"column":41},"end":{"line":309,"column":41}},{"start":{"line":309,"column":41},"end":{"line":309,"column":41}}]},"13":{"line":311,"type":"if","locations":[{"start":{"line":311,"column":8},"end":{"line":311,"column":8}},{"start":{"line":311,"column":8},"end":{"line":311,"column":8}}]},"14":{"line":316,"type":"if","locations":[{"start":{"line":316,"column":8},"end":{"line":316,"column":8}},{"start":{"line":316,"column":8},"end":{"line":316,"column":8}}]},"15":{"line":335,"type":"if","locations":[{"start":{"line":335,"column":8},"end":{"line":335,"column":8}},{"start":{"line":335,"column":8},"end":{"line":335,"column":8}}]},"16":{"line":335,"type":"cond-expr","locations":[{"start":{"line":335,"column":12},"end":{"line":335,"column":29}},{"start":{"line":335,"column":34},"end":{"line":335,"column":49}}]},"17":{"line":345,"type":"if","locations":[{"start":{"line":345,"column":8},"end":{"line":345,"column":8}},{"start":{"line":345,"column":8},"end":{"line":345,"column":8}}]},"18":{"line":346,"type":"if","locations":[{"start":{"line":346,"column":12},"end":{"line":346,"column":12}},{"start":{"line":346,"column":12},"end":{"line":346,"column":12}}]},"19":{"line":354,"type":"if","locations":[{"start":{"line":354,"column":50},"end":{"line":354,"column":50}},{"start":{"line":354,"column":50},"end":{"line":354,"column":50}}]},"20":{"line":358,"type":"if","locations":[{"start":{"line":358,"column":53},"end":{"line":358,"column":53}},{"start":{"line":358,"column":53},"end":{"line":358,"column":53}}]},"21":{"line":362,"type":"if","locations":[{"start":{"line":362,"column":30},"end":{"line":362,"column":30}},{"start":{"line":362,"column":30},"end":{"line":362,"column":30}}]},"22":{"line":366,"type":"if","locations":[{"start":{"line":366,"column":32},"end":{"line":366,"column":32}},{"start":{"line":366,"column":32},"end":{"line":366,"column":32}}]},"23":{"line":372,"type":"if","locations":[{"start":{"line":372,"column":8},"end":{"line":372,"column":8}},{"start":{"line":372,"column":8},"end":{"line":372,"column":8}}]},"24":{"line":430,"type":"if","locations":[{"start":{"line":430,"column":8},"end":{"line":430,"column":8}},{"start":{"line":430,"column":8},"end":{"line":430,"column":8}}]},"25":{"line":437,"type":"if","locations":[{"start":{"line":437,"column":8},"end":{"line":437,"column":8}},{"start":{"line":437,"column":8},"end":{"line":437,"column":8}}]}}},"contracts/VitaTokenV2.sol":{"l":{"198":0,"200":0,"201":0,"202":0,"203":0,"218":0,"219":0,"220":0,"221":0,"224":0,"225":0,"226":0,"229":0,"230":0,"254":0,"255":0,"256":0,"258":0,"259":0,"262":0,"263":0,"264":0,"267":0,"268":0,"271":0,"274":0,"275":0,"276":0,"278":0,"282":0,"295":0,"296":0,"297":0,"298":0,"299":0,"300":0,"301":0,"304":0,"305":0,"308":0,"310":0,"320":0,"322":0,"344":0,"345":0,"346":0,"349":0,"350":0,"353":0,"354":0,"356":0,"359":0,"362":0,"363":0,"366":0,"383":0,"385":0,"386":0,"393":0,"394":0,"395":0,"397":0,"398":0,"400":0,"401":0,"402":0,"404":0,"405":0,"407":0,"409":0,"410":0,"411":0,"412":0,"415":0,"427":0,"428":0,"429":0,"430":0,"431":0,"432":0,"433":0,"434":0,"436":0,"437":0,"439":0,"441":0,"445":0,"446":0,"448":0,"459":0,"460":0,"463":0,"465":0,"467":0,"469":0,"476":0,"477":0,"479":0,"486":0,"487":0,"489":0,"497":0,"498":0,"499":0,"503":0,"504":0,"505":0,"509":0,"510":0,"511":0,"512":0,"513":0,"521":0,"525":0,"529":0,"533":0,"537":0,"541":0,"545":0,"552":0,"553":0,"554":0,"562":0,"566":0,"570":0,"574":0,"578":0,"586":0,"587":0,"588":0,"592":0,"593":0,"594":0,"595":0,"599":0,"600":0,"601":0,"602":0,"606":0,"607":0,"608":0,"617":0,"634":0},"path":"/home/cruzer/Desktop/VITA-Protocol/packages/contracts/contracts/VitaTokenV2.sol","s":{"1":0,"2":0,"3":0,"4":0,"5":0,"6":0,"7":0,"8":0,"9":0,"10":0,"11":0,"12":0,"13":0,"14":0,"15":0,"16":0,"17":0,"18":0,"19":0,"20":0,"21":0,"22":0,"23":0,"24":0,"25":0,"26":0,"27":0,"28":0,"29":0,"30":0,"31":0,"32":0,"33":0,"34":0,"35":0,"36":0,"37":0,"38":0,"39":0,"40":0,"41":0,"42":0,"43":0,"44":0,"45":0,"46":0,"47":0,"48":0,"49":0,"50":0,"51":0,"52":0,"53":0,"54":0,"55":0,"56":0,"57":0,"58":0,"59":0,"60":0,"61":0,"62":0,"63":0,"64":0,"65":0,"66":0,"67":0,"68":0,"69":0,"70":0,"71":0,"72":0,"73":0,"74":0,"75":0,"76":0,"77":0,"78":0,"79":0,"80":0,"81":0,"82":0,"83":0,"84":0,"85":0,"86":0,"87":0,"88":0,"89":0,"90":0,"91":0,"92":0,"93":0},"b":{"1":[0,0],"2":[0,0],"3":[0,0],"4":[0,0],"5":[0,0],"6":[0,0],"7":[0,0],"8":[0,0],"9":[0,0],"10":[0,0],"11":[0,0],"12":[0,0],"13":[0,0],"14":[0,0],"15":[0,0],"16":[0,0],"17":[0,0],"18":[0,0],"19":[0,0],"20":[0,0],"21":[0,0],"22":[0,0],"23":[0,0],"24":[0,0],"25":[0,0],"26":[0,0],"27":[0,0],"28":[0,0],"29":[0,0],"30":[0,0],"31":[0,0],"32":[0,0],"33":[0,0],"34":[0,0],"35":[0,0],"36":[0,0],"37":[0,0],"38":[0,0],"39":[0,0],"40":[0,0],"41":[0,0],"42":[0,0],"43":[0,0],"44":[0,0],"45":[0,0],"46":[0,0],"47":[0,0],"48":[0,0],"49":[0,0]},"f":{"1":0,"2":0,"3":0,"4":0,"5":0,"6":0,"7":0,"8":0,"9":0,"10":0,"11":0,"12":0,"13":0,"14":0,"15":0,"16":0,"17":0,"18":0,"19":0,"20":0,"21":0,"22":0,"23":0,"24":0,"25":0,"26":0,"27":0,"28":0,"29":0},"fnMap":{"1":{"name":"constructor","line":197,"loc":{"start":{"line":195,"column":4},"end":{"line":204,"column":4}}},"2":{"name":"initialize","line":217,"loc":{"start":{"line":213,"column":4},"end":{"line":232,"column":4}}},"3":{"name":"mintEcho","line":252,"loc":{"start":{"line":247,"column":4},"end":{"line":323,"column":4}}},"4":{"name":"submitWorkProof","line":343,"loc":{"start":{"line":337,"column":4},"end":{"line":367,"column":4}}},"5":{"name":"mintEchoWithProof","line":382,"loc":{"start":{"line":373,"column":4},"end":{"line":449,"column":4}}},"6":{"name":"claimStakingYield","line":458,"loc":{"start":{"line":458,"column":4},"end":{"line":470,"column":4}}},"7":{"name":"getPendingStakingYield","line":475,"loc":{"start":{"line":475,"column":4},"end":{"line":480,"column":4}}},"8":{"name":"getWorkerStakedValue","line":485,"loc":{"start":{"line":485,"column":4},"end":{"line":490,"column":4}}},"9":{"name":"transfer","line":496,"loc":{"start":{"line":496,"column":4},"end":{"line":500,"column":4}}},"10":{"name":"approve","line":502,"loc":{"start":{"line":502,"column":4},"end":{"line":506,"column":4}}},"11":{"name":"transferFrom","line":508,"loc":{"start":{"line":508,"column":4},"end":{"line":514,"column":4}}},"12":{"name":"setStakingEnabled","line":520,"loc":{"start":{"line":520,"column":4},"end":{"line":522,"column":4}}},"13":{"name":"setZKVerificationRequired","line":524,"loc":{"start":{"line":524,"column":4},"end":{"line":526,"column":4}}},"14":{"name":"setTreasury","line":528,"loc":{"start":{"line":528,"column":4},"end":{"line":530,"column":4}}},"15":{"name":"addAIOracle","line":532,"loc":{"start":{"line":532,"column":4},"end":{"line":534,"column":4}}},"16":{"name":"removeAIOracle","line":536,"loc":{"start":{"line":536,"column":4},"end":{"line":538,"column":4}}},"17":{"name":"pause","line":540,"loc":{"start":{"line":540,"column":4},"end":{"line":542,"column":4}}},"18":{"name":"unpause","line":544,"loc":{"start":{"line":544,"column":4},"end":{"line":546,"column":4}}},"19":{"name":"verifyWorker","line":550,"loc":{"start":{"line":548,"column":4},"end":{"line":555,"column":4}}},"20":{"name":"getWorkerProfile","line":561,"loc":{"start":{"line":561,"column":4},"end":{"line":563,"column":4}}},"21":{"name":"getTokenMetadata","line":565,"loc":{"start":{"line":565,"column":4},"end":{"line":567,"column":4}}},"22":{"name":"isAttestationUsed","line":569,"loc":{"start":{"line":569,"column":4},"end":{"line":571,"column":4}}},"23":{"name":"getCurrentNonce","line":573,"loc":{"start":{"line":573,"column":4},"end":{"line":575,"column":4}}},"24":{"name":"DOMAIN_SEPARATOR","line":577,"loc":{"start":{"line":577,"column":4},"end":{"line":579,"column":4}}},"25":{"name":"_mint","line":585,"loc":{"start":{"line":585,"column":4},"end":{"line":589,"column":4}}},"26":{"name":"_burn","line":591,"loc":{"start":{"line":591,"column":4},"end":{"line":596,"column":4}}},"27":{"name":"_transfer","line":598,"loc":{"start":{"line":598,"column":4},"end":{"line":603,"column":4}}},"28":{"name":"_beforeTokenTransfer","line":605,"loc":{"start":{"line":605,"column":4},"end":{"line":610,"column":4}}},"29":{"name":"_hashAttestation","line":612,"loc":{"start":{"line":612,"column":4},"end":{"line":631,"column":4}}}},"statementMap":{"1":{"start":{"line":200,"column":8},"end":{"line":200,"column":49}},"2":{"start":{"line":201,"column":8},"end":{"line":201,"column":41}},"3":{"start":{"line":202,"column":8},"end":{"line":202,"column":45}},"4":{"start":{"line":203,"column":8},"end":{"line":203,"column":46}},"5":{"start":{"line":218,"column":8},"end":{"line":218,"column":8066}},"6":{"start":{"line":219,"column":12},"end":{"line":219,"column":75}},"7":{"start":{"line":224,"column":8},"end":{"line":224,"column":8301}},"8":{"start":{"line":225,"column":12},"end":{"line":225,"column":68}},"9":{"start":{"line":229,"column":8},"end":{"line":229,"column":8486}},"10":{"start":{"line":254,"column":8},"end":{"line":254,"column":81}},"11":{"start":{"line":255,"column":8},"end":{"line":255,"column":72}},"12":{"start":{"line":256,"column":8},"end":{"line":256,"column":74}},"13":{"start":{"line":258,"column":8},"end":{"line":258,"column":63}},"14":{"start":{"line":259,"column":8},"end":{"line":259,"column":78}},"15":{"start":{"line":262,"column":8},"end":{"line":262,"column":58}},"16":{"start":{"line":263,"column":8},"end":{"line":263,"column":55}},"17":{"start":{"line":264,"column":8},"end":{"line":264,"column":77}},"18":{"start":{"line":274,"column":8},"end":{"line":274,"column":32}},"19":{"start":{"line":275,"column":8},"end":{"line":275,"column":10351}},"20":{"start":{"line":278,"column":12},"end":{"line":278,"column":70}},"21":{"start":{"line":295,"column":8},"end":{"line":295,"column":66}},"22":{"start":{"line":308,"column":8},"end":{"line":308,"column":48}},"23":{"start":{"line":310,"column":8},"end":{"line":310,"column":11721}},"24":{"start":{"line":320,"column":8},"end":{"line":320,"column":65}},"25":{"start":{"line":322,"column":8},"end":{"line":322,"column":22}},"26":{"start":{"line":344,"column":8},"end":{"line":344,"column":59}},"27":{"start":{"line":345,"column":8},"end":{"line":345,"column":60}},"28":{"start":{"line":346,"column":8},"end":{"line":346,"column":68}},"29":{"start":{"line":349,"column":8},"end":{"line":349,"column":71}},"30":{"start":{"line":350,"column":8},"end":{"line":350,"column":43}},"31":{"start":{"line":353,"column":8},"end":{"line":353,"column":46}},"32":{"start":{"line":354,"column":8},"end":{"line":354,"column":45}},"33":{"start":{"line":362,"column":8},"end":{"line":362,"column":13443}},"34":{"start":{"line":363,"column":12},"end":{"line":363,"column":72}},"35":{"start":{"line":366,"column":8},"end":{"line":366,"column":78}},"36":{"start":{"line":383,"column":8},"end":{"line":383,"column":14153}},"37":{"start":{"line":385,"column":12},"end":{"line":385,"column":75}},"38":{"start":{"line":386,"column":12},"end":{"line":386,"column":47}},"39":{"start":{"line":393,"column":8},"end":{"line":393,"column":81}},"40":{"start":{"line":394,"column":8},"end":{"line":394,"column":72}},"41":{"start":{"line":395,"column":8},"end":{"line":395,"column":74}},"42":{"start":{"line":397,"column":8},"end":{"line":397,"column":63}},"43":{"start":{"line":398,"column":8},"end":{"line":398,"column":78}},"44":{"start":{"line":400,"column":8},"end":{"line":400,"column":58}},"45":{"start":{"line":401,"column":8},"end":{"line":401,"column":55}},"46":{"start":{"line":402,"column":8},"end":{"line":402,"column":77}},"47":{"start":{"line":409,"column":8},"end":{"line":409,"column":32}},"48":{"start":{"line":410,"column":8},"end":{"line":410,"column":15292}},"49":{"start":{"line":412,"column":12},"end":{"line":412,"column":70}},"50":{"start":{"line":427,"column":8},"end":{"line":427,"column":66}},"51":{"start":{"line":439,"column":8},"end":{"line":439,"column":48}},"52":{"start":{"line":441,"column":8},"end":{"line":441,"column":16597}},"53":{"start":{"line":445,"column":8},"end":{"line":445,"column":65}},"54":{"start":{"line":446,"column":8},"end":{"line":446,"column":81}},"55":{"start":{"line":448,"column":8},"end":{"line":448,"column":22}},"56":{"start":{"line":459,"column":8},"end":{"line":459,"column":17334}},"57":{"start":{"line":465,"column":8},"end":{"line":465,"column":53}},"58":{"start":{"line":467,"column":8},"end":{"line":467,"column":56}},"59":{"start":{"line":469,"column":8},"end":{"line":469,"column":26}},"60":{"start":{"line":476,"column":8},"end":{"line":476,"column":17835}},"61":{"start":{"line":477,"column":12},"end":{"line":477,"column":20}},"62":{"start":{"line":479,"column":8},"end":{"line":479,"column":50}},"63":{"start":{"line":486,"column":8},"end":{"line":486,"column":18148}},"64":{"start":{"line":487,"column":12},"end":{"line":487,"column":43}},"65":{"start":{"line":489,"column":8},"end":{"line":489,"column":52}},"66":{"start":{"line":497,"column":8},"end":{"line":497,"column":51}},"67":{"start":{"line":498,"column":8},"end":{"line":498,"column":40}},"68":{"start":{"line":499,"column":8},"end":{"line":499,"column":19}},"69":{"start":{"line":504,"column":8},"end":{"line":504,"column":50}},"70":{"start":{"line":505,"column":8},"end":{"line":505,"column":19}},"71":{"start":{"line":509,"column":8},"end":{"line":509,"column":79}},"72":{"start":{"line":510,"column":8},"end":{"line":510,"column":45}},"73":{"start":{"line":512,"column":8},"end":{"line":512,"column":34}},"74":{"start":{"line":513,"column":8},"end":{"line":513,"column":19}},"75":{"start":{"line":533,"column":8},"end":{"line":533,"column":40}},"76":{"start":{"line":537,"column":8},"end":{"line":537,"column":41}},"77":{"start":{"line":541,"column":8},"end":{"line":541,"column":15}},"78":{"start":{"line":545,"column":8},"end":{"line":545,"column":17}},"79":{"start":{"line":554,"column":8},"end":{"line":554,"column":51}},"80":{"start":{"line":562,"column":8},"end":{"line":562,"column":37}},"81":{"start":{"line":566,"column":8},"end":{"line":566,"column":37}},"82":{"start":{"line":570,"column":8},"end":{"line":570,"column":48}},"83":{"start":{"line":574,"column":8},"end":{"line":574,"column":29}},"84":{"start":{"line":578,"column":8},"end":{"line":578,"column":35}},"85":{"start":{"line":588,"column":8},"end":{"line":588,"column":45}},"86":{"start":{"line":592,"column":8},"end":{"line":592,"column":65}},"87":{"start":{"line":595,"column":8},"end":{"line":595,"column":47}},"88":{"start":{"line":599,"column":8},"end":{"line":599,"column":65}},"89":{"start":{"line":602,"column":8},"end":{"line":602,"column":39}},"90":{"start":{"line":606,"column":8},"end":{"line":606,"column":58}},"91":{"start":{"line":606,"column":52},"end":{"line":606,"column":58}},"92":{"start":{"line":607,"column":8},"end":{"line":607,"column":22420}},"93":{"start":{"line":617,"column":8},"end":{"line":617,"column":22697}}},"branchMap":{"1":{"line":217,"type":"if","locations":[{"start":{"line":217,"column":15},"end":{"line":217,"column":15}},{"start":{"line":217,"column":15},"end":{"line":217,"column":15}}]},"2":{"line":218,"type":"if","locations":[{"start":{"line":218,"column":8},"end":{"line":218,"column":8}},{"start":{"line":218,"column":8},"end":{"line":218,"column":8}}]},"3":{"line":224,"type":"if","locations":[{"start":{"line":224,"column":8},"end":{"line":224,"column":8}},{"start":{"line":224,"column":8},"end":{"line":224,"column":8}}]},"4":{"line":229,"type":"if","locations":[{"start":{"line":229,"column":8},"end":{"line":229,"column":8}},{"start":{"line":229,"column":8},"end":{"line":229,"column":8}}]},"5":{"line":252,"type":"if","locations":[{"start":{"line":252,"column":23},"end":{"line":252,"column":23}},{"start":{"line":252,"column":23},"end":{"line":252,"column":23}}]},"6":{"line":252,"type":"if","locations":[{"start":{"line":252,"column":36},"end":{"line":252,"column":36}},{"start":{"line":252,"column":36},"end":{"line":252,"column":36}}]},"7":{"line":254,"type":"if","locations":[{"start":{"line":254,"column":8},"end":{"line":254,"column":8}},{"start":{"line":254,"column":8},"end":{"line":254,"column":8}}]},"8":{"line":255,"type":"if","locations":[{"start":{"line":255,"column":8},"end":{"line":255,"column":8}},{"start":{"line":255,"column":8},"end":{"line":255,"column":8}}]},"9":{"line":256,"type":"if","locations":[{"start":{"line":256,"column":8},"end":{"line":256,"column":8}},{"start":{"line":256,"column":8},"end":{"line":256,"column":8}}]},"10":{"line":259,"type":"if","locations":[{"start":{"line":259,"column":8},"end":{"line":259,"column":8}},{"start":{"line":259,"column":8},"end":{"line":259,"column":8}}]},"11":{"line":264,"type":"if","locations":[{"start":{"line":264,"column":8},"end":{"line":264,"column":8}},{"start":{"line":264,"column":8},"end":{"line":264,"column":8}}]},"12":{"line":275,"type":"if","locations":[{"start":{"line":275,"column":8},"end":{"line":275,"column":8}},{"start":{"line":275,"column":8},"end":{"line":275,"column":8}}]},"13":{"line":343,"type":"if","locations":[{"start":{"line":343,"column":15},"end":{"line":343,"column":15}},{"start":{"line":343,"column":15},"end":{"line":343,"column":15}}]},"14":{"line":345,"type":"if","locations":[{"start":{"line":345,"column":8},"end":{"line":345,"column":8}},{"start":{"line":345,"column":8},"end":{"line":345,"column":8}}]},"15":{"line":346,"type":"if","locations":[{"start":{"line":346,"column":8},"end":{"line":346,"column":8}},{"start":{"line":346,"column":8},"end":{"line":346,"column":8}}]},"16":{"line":350,"type":"if","locations":[{"start":{"line":350,"column":8},"end":{"line":350,"column":8}},{"start":{"line":350,"column":8},"end":{"line":350,"column":8}}]},"17":{"line":362,"type":"if","locations":[{"start":{"line":362,"column":8},"end":{"line":362,"column":8}},{"start":{"line":362,"column":8},"end":{"line":362,"column":8}}]},"18":{"line":382,"type":"if","locations":[{"start":{"line":382,"column":23},"end":{"line":382,"column":23}},{"start":{"line":382,"column":23},"end":{"line":382,"column":23}}]},"19":{"line":382,"type":"if","locations":[{"start":{"line":382,"column":36},"end":{"line":382,"column":36}},{"start":{"line":382,"column":36},"end":{"line":382,"column":36}}]},"20":{"line":383,"type":"if","locations":[{"start":{"line":383,"column":8},"end":{"line":383,"column":8}},{"start":{"line":383,"column":8},"end":{"line":383,"column":8}}]},"21":{"line":386,"type":"if","locations":[{"start":{"line":386,"column":12},"end":{"line":386,"column":12}},{"start":{"line":386,"column":12},"end":{"line":386,"column":12}}]},"22":{"line":393,"type":"if","locations":[{"start":{"line":393,"column":8},"end":{"line":393,"column":8}},{"start":{"line":393,"column":8},"end":{"line":393,"column":8}}]},"23":{"line":394,"type":"if","locations":[{"start":{"line":394,"column":8},"end":{"line":394,"column":8}},{"start":{"line":394,"column":8},"end":{"line":394,"column":8}}]},"24":{"line":395,"type":"if","locations":[{"start":{"line":395,"column":8},"end":{"line":395,"column":8}},{"start":{"line":395,"column":8},"end":{"line":395,"column":8}}]},"25":{"line":398,"type":"if","locations":[{"start":{"line":398,"column":8},"end":{"line":398,"column":8}},{"start":{"line":398,"column":8},"end":{"line":398,"column":8}}]},"26":{"line":402,"type":"if","locations":[{"start":{"line":402,"column":8},"end":{"line":402,"column":8}},{"start":{"line":402,"column":8},"end":{"line":402,"column":8}}]},"27":{"line":410,"type":"if","locations":[{"start":{"line":410,"column":8},"end":{"line":410,"column":8}},{"start":{"line":410,"column":8},"end":{"line":410,"column":8}}]},"28":{"line":458,"type":"if","locations":[{"start":{"line":458,"column":42},"end":{"line":458,"column":42}},{"start":{"line":458,"column":42},"end":{"line":458,"column":42}}]},"29":{"line":459,"type":"if","locations":[{"start":{"line":459,"column":8},"end":{"line":459,"column":8}},{"start":{"line":459,"column":8},"end":{"line":459,"column":8}}]},"30":{"line":459,"type":"cond-expr","locations":[{"start":{"line":459,"column":12},"end":{"line":459,"column":26}},{"start":{"line":459,"column":31},"end":{"line":459,"column":64}}]},"31":{"line":465,"type":"if","locations":[{"start":{"line":465,"column":8},"end":{"line":465,"column":8}},{"start":{"line":465,"column":8},"end":{"line":465,"column":8}}]},"32":{"line":476,"type":"if","locations":[{"start":{"line":476,"column":8},"end":{"line":476,"column":8}},{"start":{"line":476,"column":8},"end":{"line":476,"column":8}}]},"33":{"line":476,"type":"cond-expr","locations":[{"start":{"line":476,"column":12},"end":{"line":476,"column":26}},{"start":{"line":476,"column":31},"end":{"line":476,"column":64}}]},"34":{"line":486,"type":"if","locations":[{"start":{"line":486,"column":8},"end":{"line":486,"column":8}},{"start":{"line":486,"column":8},"end":{"line":486,"column":8}}]},"35":{"line":486,"type":"cond-expr","locations":[{"start":{"line":486,"column":12},"end":{"line":486,"column":26}},{"start":{"line":486,"column":31},"end":{"line":486,"column":64}}]},"36":{"line":509,"type":"if","locations":[{"start":{"line":509,"column":8},"end":{"line":509,"column":8}},{"start":{"line":509,"column":8},"end":{"line":509,"column":8}}]},"37":{"line":520,"type":"if","locations":[{"start":{"line":520,"column":55},"end":{"line":520,"column":55}},{"start":{"line":520,"column":55},"end":{"line":520,"column":55}}]},"38":{"line":524,"type":"if","locations":[{"start":{"line":524,"column":64},"end":{"line":524,"column":64}},{"start":{"line":524,"column":64},"end":{"line":524,"column":64}}]},"39":{"line":528,"type":"if","locations":[{"start":{"line":528,"column":53},"end":{"line":528,"column":53}},{"start":{"line":528,"column":53},"end":{"line":528,"column":53}}]},"40":{"line":532,"type":"if","locations":[{"start":{"line":532,"column":50},"end":{"line":532,"column":50}},{"start":{"line":532,"column":50},"end":{"line":532,"column":50}}]},"41":{"line":536,"type":"if","locations":[{"start":{"line":536,"column":53},"end":{"line":536,"column":53}},{"start":{"line":536,"column":53},"end":{"line":536,"column":53}}]},"42":{"line":540,"type":"if","locations":[{"start":{"line":540,"column":30},"end":{"line":540,"column":30}},{"start":{"line":540,"column":30},"end":{"line":540,"column":30}}]},"43":{"line":544,"type":"if","locations":[{"start":{"line":544,"column":32},"end":{"line":544,"column":32}},{"start":{"line":544,"column":32},"end":{"line":544,"column":32}}]},"44":{"line":550,"type":"if","locations":[{"start":{"line":550,"column":8},"end":{"line":550,"column":8}},{"start":{"line":550,"column":8},"end":{"line":550,"column":8}}]},"45":{"line":592,"type":"if","locations":[{"start":{"line":592,"column":8},"end":{"line":592,"column":8}},{"start":{"line":592,"column":8},"end":{"line":592,"column":8}}]},"46":{"line":599,"type":"if","locations":[{"start":{"line":599,"column":8},"end":{"line":599,"column":8}},{"start":{"line":599,"column":8},"end":{"line":599,"column":8}}]},"47":{"line":606,"type":"if","locations":[{"start":{"line":606,"column":8},"end":{"line":606,"column":8}},{"start":{"line":606,"column":8},"end":{"line":606,"column":8}}]},"48":{"line":606,"type":"cond-expr","locations":[{"start":{"line":606,"column":12},"end":{"line":606,"column":29}},{"start":{"line":606,"column":34},"end":{"line":606,"column":49}}]},"49":{"line":607,"type":"if","locations":[{"start":{"line":607,"column":8},"end":{"line":607,"column":8}},{"start":{"line":607,"column":8},"end":{"line":607,"column":8}}]}}}}